============================= test session starts ==============================
platform linux -- Python 3.11.0rc1, pytest-9.0.2, pluggy-1.6.0 -- /usr/bin/python3
cachedir: .pytest_cache
rootdir: /home/ubuntu/aiuc1-soc2-compliance-lab
configfile: pytest.ini
plugins: anyio-4.11.0, cov-7.0.0
collecting ... collected 343 items

tests/test_adversarial_resilience.py::TestPromptInjectionResistance::test_ignore_previous_instructions PASSED [  0%]
tests/test_adversarial_resilience.py::TestPromptInjectionResistance::test_system_prompt_override_attempt PASSED [  0%]
tests/test_adversarial_resilience.py::TestPromptInjectionResistance::test_multi_language_injection PASSED [  0%]
tests/test_adversarial_resilience.py::TestPromptInjectionResistance::test_html_entity_encoded_injection PASSED [  1%]
tests/test_adversarial_resilience.py::TestPromptInjectionResistance::test_null_byte_injection PASSED [  1%]
tests/test_adversarial_resilience.py::TestPayloadManipulation::test_empty_payload PASSED [  1%]
tests/test_adversarial_resilience.py::TestPayloadManipulation::test_deeply_nested_payload PASSED [  2%]
tests/test_adversarial_resilience.py::TestPayloadManipulation::test_very_long_string_value PASSED [  2%]
tests/test_adversarial_resilience.py::TestPayloadManipulation::test_special_characters_in_field_names PASSED [  2%]
tests/test_adversarial_resilience.py::TestPayloadManipulation::test_numeric_values_not_flagged PASSED [  2%]
tests/test_adversarial_resilience.py::TestPayloadManipulation::test_list_payload_values PASSED [  3%]
tests/test_adversarial_resilience.py::TestEnforcementBypass::test_scope_bypass_via_path_traversal PASSED [  3%]
tests/test_adversarial_resilience.py::TestEnforcementBypass::test_scope_bypass_via_case_manipulation PASSED [  3%]
tests/test_adversarial_resilience.py::TestEnforcementBypass::test_sanitisation_cannot_be_skipped PASSED [  4%]
tests/test_adversarial_resilience.py::TestEnforcementBypass::test_disclosure_cannot_be_removed_by_payload PASSED [  4%]
tests/test_adversarial_resilience.py::TestEnforcementBypass::test_enforcement_metadata_cannot_be_spoofed PASSED [  4%]
tests/test_adversarial_resilience.py::TestEnforcementBypass::test_rate_limit_cannot_be_bypassed_by_renaming PASSED [  4%]
tests/test_adversarial_resilience.py::TestCryptographicIntegrity::test_hmac_token_with_wrong_secret PASSED [  5%]
tests/test_adversarial_resilience.py::TestCryptographicIntegrity::test_hmac_token_with_tampered_hash PASSED [  5%]
tests/test_adversarial_resilience.py::TestCryptographicIntegrity::test_empty_hmac_token_rejected PASSED [  5%]
tests/test_adversarial_resilience.py::TestCryptographicIntegrity::test_audit_chain_tamper_detection PASSED [  6%]
tests/test_adversarial_resilience.py::TestCryptographicIntegrity::test_audit_chain_genesis_block PASSED [  6%]
tests/test_adversarial_resilience.py::TestResourceExhaustion::test_rapid_fire_calls_all_handled PASSED [  6%]
tests/test_adversarial_resilience.py::TestResourceExhaustion::test_concurrent_function_rate_limits_independent PASSED [  6%]
tests/test_adversarial_resilience.py::TestResourceExhaustion::test_large_envelope_sanitisation PASSED [  7%]
tests/test_adversarial_resilience.py::TestResourceExhaustion::test_empty_envelope_handled PASSED [  7%]
tests/test_adversarial_resilience.py::TestResourceExhaustion::test_audit_chain_handles_many_entries PASSED [  7%]
tests/test_adversarial_resilience.py::TestMultiStepAttacks::test_reconnaissance_then_exploit PASSED [  8%]
tests/test_adversarial_resilience.py::TestMultiStepAttacks::test_injection_in_multiple_fields PASSED [  8%]
tests/test_adversarial_resilience.py::TestMultiStepAttacks::test_data_exfiltration_via_output PASSED [  8%]
tests/test_adversarial_resilience.py::TestMultiStepAttacks::test_full_pipeline_blocks_and_sanitises PASSED [  9%]
tests/test_adversarial_resilience.py::TestPolicyEngineCompleteness::test_all_ten_policies_loaded PASSED [  9%]
tests/test_adversarial_resilience.py::TestPolicyEngineCompleteness::test_each_policy_has_unique_id PASSED [  9%]
tests/test_adversarial_resilience.py::TestPolicyEngineCompleteness::test_each_policy_has_unique_fingerprint PASSED [  9%]
tests/test_adversarial_resilience.py::TestPolicyEngineCompleteness::test_critical_controls_covered PASSED [ 10%]
tests/test_adversarial_resilience.py::TestPolicyEngineCompleteness::test_policy_manifest_is_json_serialisable PASSED [ 10%]
tests/test_adversarial_resilience.py::TestPolicyEngineCompleteness::test_all_policies_are_mandatory PASSED [ 10%]
tests/test_adversarial_resilience.py::TestPolicyEngineCompleteness::test_policy_actions_are_valid PASSED [ 11%]
tests/test_adversarial_resilience.py::TestRegressionVulnerabilities::test_terraform_destroy_blocked PASSED [ 11%]
tests/test_adversarial_resilience.py::TestRegressionVulnerabilities::test_role_assignment_in_terraform_blocked PASSED [ 11%]
tests/test_adversarial_resilience.py::TestRegressionVulnerabilities::test_output_never_contains_raw_subscription_id PASSED [ 11%]
tests/test_adversarial_resilience.py::TestRegressionVulnerabilities::test_output_never_contains_raw_private_ip PASSED [ 12%]
tests/test_adversarial_resilience.py::TestRegressionVulnerabilities::test_disclosure_always_present_on_success PASSED [ 12%]
tests/test_adversarial_resilience.py::TestRegressionVulnerabilities::test_disclosure_always_present_on_error PASSED [ 12%]
tests/test_adversarial_resilience.py::TestRegressionVulnerabilities::test_enforcement_metadata_always_present PASSED [ 13%]
tests/test_adversarial_resilience.py::TestRegressionVulnerabilities::test_sanitiser_handles_mixed_content PASSED [ 13%]
tests/test_agent_validation.py::TestAgentConfiguration::test_agent_config_exists PASSED [ 13%]
tests/test_agent_validation.py::TestAgentConfiguration::test_agent_config_valid_json PASSED [ 13%]
tests/test_agent_validation.py::TestAgentConfiguration::test_agent_has_tool_definitions PASSED [ 14%]
tests/test_agent_validation.py::TestAgentConfiguration::test_system_prompt_exists PASSED [ 14%]
tests/test_agent_validation.py::TestAgentConfiguration::test_system_prompt_references_all_critical_controls PASSED [ 14%]
tests/test_agent_validation.py::TestAgentConfiguration::test_system_prompt_defines_role PASSED [ 15%]
tests/test_agent_validation.py::TestAgentConfiguration::test_system_prompt_defines_scope PASSED [ 15%]
tests/test_agent_validation.py::TestAgentInjectionResistance::test_prompt_injection_via_resource_group PASSED [ 15%]
tests/test_agent_validation.py::TestAgentInjectionResistance::test_prompt_injection_via_cc_category PASSED [ 16%]
tests/test_agent_validation.py::TestAgentInjectionResistance::test_prompt_injection_via_evidence_text PASSED [ 16%]
tests/test_agent_validation.py::TestAgentInjectionResistance::test_python_eval_injection PASSED [ 16%]
tests/test_agent_validation.py::TestAgentInjectionResistance::test_nested_injection_in_json PASSED [ 16%]
tests/test_agent_validation.py::TestAgentInjectionResistance::test_base64_encoded_injection PASSED [ 17%]
tests/test_agent_validation.py::TestAgentInjectionResistance::test_terraform_exempt_fields_not_flagged PASSED [ 17%]
tests/test_agent_validation.py::TestAgentScopeBoundaries::test_cannot_query_random_resource_group PASSED [ 17%]
tests/test_agent_validation.py::TestAgentScopeBoundaries::test_cannot_query_other_subscriptions PASSED [ 18%]
tests/test_agent_validation.py::TestAgentScopeBoundaries::test_cannot_write_to_production PASSED [ 18%]
tests/test_agent_validation.py::TestAgentScopeBoundaries::test_read_functions_respect_read_scope PASSED [ 18%]
tests/test_agent_validation.py::TestAgentScopeBoundaries::test_write_functions_respect_write_scope PASSED [ 18%]
tests/test_agent_validation.py::TestAgentOutputIntegrity::test_finding_data_preserved_after_enforcement PASSED [ 19%]
tests/test_agent_validation.py::TestAgentOutputIntegrity::test_error_status_preserved_after_enforcement PASSED [ 19%]
tests/test_agent_validation.py::TestAgentOutputIntegrity::test_enforcement_adds_disclosure_not_replaces_data PASSED [ 19%]
tests/test_agent_validation.py::TestAgentOutputIntegrity::test_large_payload_handled_gracefully PASSED [ 20%]
tests/test_agent_validation.py::TestAgentAuditTrail::test_output_enforcement_produces_audit_entries PASSED [ 20%]
tests/test_agent_validation.py::TestAgentAuditTrail::test_input_enforcement_produces_audit_entries PASSED [ 20%]
tests/test_agent_validation.py::TestAgentAuditTrail::test_blocked_requests_are_audited PASSED [ 20%]
tests/test_agent_validation.py::TestAgentAuditTrail::test_audit_chain_integrity_after_multiple_operations PASSED [ 21%]
tests/test_agent_validation.py::TestAgentWorkflowSimulation::test_gap_analysis_workflow PASSED [ 21%]
tests/test_agent_validation.py::TestAgentWorkflowSimulation::test_scope_violation_workflow PASSED [ 21%]
tests/test_agent_validation.py::TestAgentWorkflowSimulation::test_terraform_plan_then_apply_workflow PASSED [ 22%]
tests/test_agent_validation.py::TestAgentWorkflowSimulation::test_multi_function_workflow_audit_trail PASSED [ 22%]
tests/test_control_enforcement.py::TestA003DataMinimisation::test_input_injection_blocked PASSED [ 22%]
tests/test_control_enforcement.py::TestA003DataMinimisation::test_clean_input_passes PASSED [ 23%]
tests/test_control_enforcement.py::TestA004CredentialManagement::test_secrets_redacted_from_output PASSED [ 23%]
tests/test_control_enforcement.py::TestA004CredentialManagement::test_bearer_tokens_redacted PASSED [ 23%]
tests/test_control_enforcement.py::TestA006B009OutputSanitisation::test_subscription_ids_redacted PASSED [ 23%]
tests/test_control_enforcement.py::TestA006B009OutputSanitisation::test_uuids_redacted PASSED [ 24%]
tests/test_control_enforcement.py::TestA006B009OutputSanitisation::test_private_ips_redacted PASSED [ 24%]
tests/test_control_enforcement.py::TestA006B009OutputSanitisation::test_sas_tokens_redacted PASSED [ 24%]
tests/test_control_enforcement.py::TestA006B009OutputSanitisation::test_gateway_applies_sanitisation PASSED [ 25%]
tests/test_control_enforcement.py::TestA006B009OutputSanitisation::test_nested_dict_sanitisation PASSED [ 25%]
tests/test_control_enforcement.py::TestA006B009OutputSanitisation::test_safe_values_preserved PASSED [ 25%]
tests/test_control_enforcement.py::TestB004RateLimiting::test_cooldown_enforced PASSED [ 25%]
tests/test_control_enforcement.py::TestB004RateLimiting::test_different_functions_not_rate_limited PASSED [ 26%]
tests/test_control_enforcement.py::TestB004RateLimiting::test_rate_limit_policy_exists PASSED [ 26%]
tests/test_control_enforcement.py::TestB006ScopeBoundaries::test_allowed_rg_passes PASSED [ 26%]
tests/test_control_enforcement.py::TestB006ScopeBoundaries::test_out_of_scope_rg_blocked PASSED [ 27%]
tests/test_control_enforcement.py::TestB006ScopeBoundaries::test_write_scope_blocks_production PASSED [ 27%]
tests/test_control_enforcement.py::TestB006ScopeBoundaries::test_read_scope_allows_production PASSED [ 27%]
tests/test_control_enforcement.py::TestB006ScopeBoundaries::test_empty_rg_blocked PASSED [ 27%]
tests/test_control_enforcement.py::TestB006ScopeBoundaries::test_scope_enforcer_is_deterministic PASSED [ 28%]
tests/test_control_enforcement.py::TestC004RoleAdherence::test_risk_classification_exists_for_all_functions PASSED [ 28%]
tests/test_control_enforcement.py::TestC004RoleAdherence::test_terraform_apply_is_critical PASSED [ 28%]
tests/test_control_enforcement.py::TestC004RoleAdherence::test_read_functions_are_low_risk PASSED [ 29%]
tests/test_control_enforcement.py::TestC007HumanInTheLoop::test_terraform_apply_requires_hmac PASSED [ 29%]
tests/test_control_enforcement.py::TestC007HumanInTheLoop::test_terraform_plan_does_not_require_hmac PASSED [ 29%]
tests/test_control_enforcement.py::TestC007HumanInTheLoop::test_hmac_policy_exists PASSED [ 30%]
tests/test_control_enforcement.py::TestD003ToolCallRestrictions::test_shell_injection_blocked PASSED [ 30%]
tests/test_control_enforcement.py::TestD003ToolCallRestrictions::test_sql_injection_blocked PASSED [ 30%]
tests/test_control_enforcement.py::TestD003ToolCallRestrictions::test_python_eval_blocked PASSED [ 30%]
tests/test_control_enforcement.py::TestD003ToolCallRestrictions::test_xss_blocked PASSED [ 31%]
tests/test_control_enforcement.py::TestD003ToolCallRestrictions::test_terraform_content_exemptions PASSED [ 31%]
tests/test_control_enforcement.py::TestE004Accountability::test_audit_chain_records_decisions PASSED [ 31%]
tests/test_control_enforcement.py::TestE004Accountability::test_audit_chain_is_tamper_evident PASSED [ 32%]
tests/test_control_enforcement.py::TestE004Accountability::test_audit_chain_links_entries PASSED [ 32%]
tests/test_control_enforcement.py::TestE015AuditLogging::test_audit_summary_contains_required_fields PASSED [ 32%]
tests/test_control_enforcement.py::TestE015AuditLogging::test_audit_chain_hash_is_sha256 PASSED [ 32%]
tests/test_control_enforcement.py::TestE016AIDisclosure::test_disclosure_injected_into_envelope PASSED [ 33%]
tests/test_control_enforcement.py::TestE016AIDisclosure::test_disclosure_contains_required_fields PASSED [ 33%]
tests/test_control_enforcement.py::TestE016AIDisclosure::test_disclosure_text_mentions_human_review PASSED [ 33%]
tests/test_control_enforcement.py::TestE016AIDisclosure::test_disclosure_cannot_be_suppressed PASSED [ 34%]
tests/test_control_enforcement.py::TestE016AIDisclosure::test_disclosure_is_architectural PASSED [ 34%]
tests/test_control_enforcement.py::TestE017SystemTransparency::test_all_policies_are_frozen PASSED [ 34%]
tests/test_control_enforcement.py::TestE017SystemTransparency::test_policies_have_aiuc1_control_mapping PASSED [ 34%]
tests/test_control_enforcement.py::TestE017SystemTransparency::test_policies_have_descriptions PASSED [ 35%]
tests/test_control_enforcement.py::TestE017SystemTransparency::test_ten_policies_exist PASSED [ 35%]
tests/test_control_enforcement.py::TestFullEnforcementPipeline::test_output_enforcement_adds_metadata PASSED [ 35%]
tests/test_control_enforcement.py::TestFullEnforcementPipeline::test_input_enforcement_allows_clean_payload PASSED [ 36%]
tests/test_control_enforcement.py::TestFullEnforcementPipeline::test_input_enforcement_blocks_injection PASSED [ 36%]
tests/test_control_enforcement.py::TestFullEnforcementPipeline::test_pipeline_produces_valid_json PASSED [ 36%]
tests/test_enforcement/test_control_coverage.py::TestA006_PreventPIILeakage::test_subscription_ids_redacted_architecturally PASSED [ 37%]
tests/test_enforcement/test_control_coverage.py::TestA006_PreventPIILeakage::test_a006_in_policy_manifest PASSED [ 37%]
tests/test_enforcement/test_control_coverage.py::TestB006_PreventUnauthorizedActions::test_out_of_scope_rg_blocked_architecturally PASSED [ 37%]
tests/test_enforcement/test_control_coverage.py::TestB006_PreventUnauthorizedActions::test_allowed_rg_passes PASSED [ 37%]
tests/test_enforcement/test_control_coverage.py::TestB006_PreventUnauthorizedActions::test_production_allowed_for_read_but_blocked_for_write PASSED [ 38%]
tests/test_enforcement/test_control_coverage.py::TestB006_PreventUnauthorizedActions::test_scope_enforcement_in_full_pipeline PASSED [ 38%]
tests/test_enforcement/test_control_coverage.py::TestB009_LimitOutputOverExposure::test_connection_strings_stripped PASSED [ 38%]
tests/test_enforcement/test_control_coverage.py::TestB009_LimitOutputOverExposure::test_bearer_tokens_stripped PASSED [ 39%]
tests/test_enforcement/test_control_coverage.py::TestC007_HumanInTheLoop::test_terraform_apply_requires_hmac_token PASSED [ 39%]
tests/test_enforcement/test_control_coverage.py::TestC007_HumanInTheLoop::test_valid_hmac_passes PASSED [ 39%]
tests/test_enforcement/test_control_coverage.py::TestC007_HumanInTheLoop::test_terraform_apply_is_critical_risk PASSED [ 39%]
tests/test_enforcement/test_control_coverage.py::TestD003_RestrictUnsafeToolCalls::test_shell_injection_blocked PASSED [ 40%]
tests/test_enforcement/test_control_coverage.py::TestD003_RestrictUnsafeToolCalls::test_sql_injection_blocked PASSED [ 40%]
tests/test_enforcement/test_control_coverage.py::TestE015_AuditTrail::test_audit_chain_integrity PASSED [ 40%]
tests/test_enforcement/test_control_coverage.py::TestE015_AuditTrail::test_audit_chain_tamper_detection PASSED [ 41%]
tests/test_enforcement/test_control_coverage.py::TestE015_AuditTrail::test_enforcement_pipeline_records_audit PASSED [ 41%]
tests/test_enforcement/test_control_coverage.py::TestE016_AIDisclosure::test_disclosure_injected_architecturally PASSED [ 41%]
tests/test_enforcement/test_control_coverage.py::TestE016_AIDisclosure::test_disclosure_in_full_pipeline PASSED [ 41%]
tests/test_enforcement/test_control_coverage.py::TestE016_AIDisclosure::test_disclosure_cannot_be_overridden PASSED [ 42%]
tests/test_enforcement/test_control_coverage.py::TestE017_SystemTransparency::test_policy_manifest_available PASSED [ 42%]
tests/test_enforcement/test_control_coverage.py::TestE017_SystemTransparency::test_risk_map_available PASSED [ 42%]
tests/test_enforcement/test_control_coverage.py::TestE017_SystemTransparency::test_scope_boundaries_available PASSED [ 43%]
tests/test_enforcement/test_disclosure_and_audit.py::TestDisclosureInjector::test_disclosure_injected_into_envelope PASSED [ 43%]
tests/test_enforcement/test_disclosure_and_audit.py::TestDisclosureInjector::test_disclosure_field_structure PASSED [ 43%]
tests/test_enforcement/test_disclosure_and_audit.py::TestDisclosureInjector::test_disclosure_includes_enforced_controls PASSED [ 44%]
tests/test_enforcement/test_disclosure_and_audit.py::TestDisclosureInjector::test_disclosure_text_mentions_ai PASSED [ 44%]
tests/test_enforcement/test_disclosure_and_audit.py::TestDisclosureInjector::test_injection_count_tracks_calls PASSED [ 44%]
tests/test_enforcement/test_disclosure_and_audit.py::TestDisclosureInjector::test_custom_disclosure_text PASSED [ 44%]
tests/test_enforcement/test_disclosure_and_audit.py::TestDisclosureInjector::test_version_is_set PASSED [ 45%]
tests/test_enforcement/test_disclosure_and_audit.py::TestDisclosureInjector::test_disclosure_cannot_be_suppressed PASSED [ 45%]
tests/test_enforcement/test_disclosure_and_audit.py::TestAuditChain::test_empty_chain_verifies PASSED [ 45%]
tests/test_enforcement/test_disclosure_and_audit.py::TestAuditChain::test_genesis_hash PASSED [ 46%]
tests/test_enforcement/test_disclosure_and_audit.py::TestAuditChain::test_record_creates_entry PASSED [ 46%]
tests/test_enforcement/test_disclosure_and_audit.py::TestAuditChain::test_chain_links_entries PASSED [ 46%]
tests/test_enforcement/test_disclosure_and_audit.py::TestAuditChain::test_chain_verifies_after_multiple_entries PASSED [ 46%]
tests/test_enforcement/test_disclosure_and_audit.py::TestAuditChain::test_head_hash_updates PASSED [ 47%]
tests/test_enforcement/test_disclosure_and_audit.py::TestAuditChain::test_entry_hash_is_deterministic PASSED [ 47%]
tests/test_enforcement/test_disclosure_and_audit.py::TestAuditChain::test_summary_contains_required_fields PASSED [ 47%]
tests/test_enforcement/test_disclosure_and_audit.py::TestAuditChain::test_summary_action_counts PASSED [ 48%]
tests/test_enforcement/test_disclosure_and_audit.py::TestAuditChain::test_summary_control_counts PASSED [ 48%]
tests/test_enforcement/test_disclosure_and_audit.py::TestAuditChain::test_get_entries_for_function PASSED [ 48%]
tests/test_enforcement/test_disclosure_and_audit.py::TestAuditChain::test_chain_integrity_detection PASSED [ 48%]
tests/test_enforcement/test_gateway.py::TestOutputGateway::test_sanitise_subscription_id PASSED [ 49%]
tests/test_enforcement/test_gateway.py::TestOutputGateway::test_sanitise_connection_string PASSED [ 49%]
tests/test_enforcement/test_gateway.py::TestOutputGateway::test_sanitise_private_ip PASSED [ 49%]
tests/test_enforcement/test_gateway.py::TestOutputGateway::test_sanitise_bearer_token PASSED [ 50%]
tests/test_enforcement/test_gateway.py::TestOutputGateway::test_sanitise_sas_token PASSED [ 50%]
tests/test_enforcement/test_gateway.py::TestOutputGateway::test_sanitise_nested_dicts PASSED [ 50%]
tests/test_enforcement/test_gateway.py::TestOutputGateway::test_sanitise_lists PASSED [ 51%]
tests/test_enforcement/test_gateway.py::TestOutputGateway::test_passthrough_enforcement_metadata PASSED [ 51%]
tests/test_enforcement/test_gateway.py::TestOutputGateway::test_metadata_includes_required_fields PASSED [ 51%]
tests/test_enforcement/test_gateway.py::TestOutputGateway::test_redaction_count_accuracy PASSED [ 51%]
tests/test_enforcement/test_gateway.py::TestOutputGateway::test_redaction_count_nonzero_for_secrets PASSED [ 52%]
tests/test_enforcement/test_gateway.py::TestOutputGateway::test_stats_tracking PASSED [ 52%]
tests/test_enforcement/test_gateway.py::TestOutputGateway::test_non_string_values_preserved PASSED [ 52%]
tests/test_enforcement/test_middleware.py::TestFullPipeline::test_clean_request_passes PASSED [ 53%]
tests/test_enforcement/test_middleware.py::TestFullPipeline::test_output_is_sanitised PASSED [ 53%]
tests/test_enforcement/test_middleware.py::TestFullPipeline::test_ai_disclosure_injected PASSED [ 53%]
tests/test_enforcement/test_middleware.py::TestFullPipeline::test_enforcement_metadata_attached PASSED [ 53%]
tests/test_enforcement/test_middleware.py::TestFullPipeline::test_scope_violation_blocks_request PASSED [ 54%]
tests/test_enforcement/test_middleware.py::TestFullPipeline::test_injection_blocks_request PASSED [ 54%]
tests/test_enforcement/test_middleware.py::TestFullPipeline::test_blocked_response_is_still_sanitised PASSED [ 54%]
tests/test_enforcement/test_middleware.py::TestFullPipeline::test_decisions_list_populated PASSED [ 55%]
tests/test_enforcement/test_middleware.py::TestInputOnlyEnforcement::test_clean_input_passes PASSED [ 55%]
tests/test_enforcement/test_middleware.py::TestInputOnlyEnforcement::test_scope_violation_detected PASSED [ 55%]
tests/test_enforcement/test_middleware.py::TestInputOnlyEnforcement::test_injection_detected PASSED [ 55%]
tests/test_enforcement/test_middleware.py::TestOutputOnlyEnforcement::test_output_sanitised PASSED [ 56%]
tests/test_enforcement/test_middleware.py::TestOutputOnlyEnforcement::test_disclosure_injected PASSED [ 56%]
tests/test_enforcement/test_middleware.py::TestOutputOnlyEnforcement::test_enforcement_metadata_attached PASSED [ 56%]
tests/test_enforcement/test_middleware.py::TestEnforcementContext::test_context_contains_policy_manifest PASSED [ 57%]
tests/test_enforcement/test_middleware.py::TestEnforcementContext::test_context_contains_risk_map PASSED [ 57%]
tests/test_enforcement/test_middleware.py::TestEnforcementContext::test_context_contains_scope_boundaries PASSED [ 57%]
tests/test_enforcement/test_middleware.py::TestEnforcementContext::test_context_contains_audit_summary PASSED [ 58%]
tests/test_enforcement/test_middleware.py::TestEnforcementContext::test_context_contains_gateway_stats PASSED [ 58%]
tests/test_enforcement/test_policy_engine.py::TestEnforcementPolicy::test_policy_is_frozen PASSED [ 58%]
tests/test_enforcement/test_policy_engine.py::TestEnforcementPolicy::test_policy_fingerprint_is_deterministic PASSED [ 58%]
tests/test_enforcement/test_policy_engine.py::TestEnforcementPolicy::test_different_policies_have_different_fingerprints PASSED [ 59%]
tests/test_enforcement/test_policy_engine.py::TestEnforcementDecision::test_decision_hash_is_deterministic PASSED [ 59%]
tests/test_enforcement/test_policy_engine.py::TestEnforcementDecision::test_different_decisions_have_different_hashes PASSED [ 59%]
tests/test_enforcement/test_policy_engine.py::TestPolicyEngine::test_universal_policies_apply_to_all_functions PASSED [ 60%]
tests/test_enforcement/test_policy_engine.py::TestPolicyEngine::test_function_specific_policies_only_apply_to_target PASSED [ 60%]
tests/test_enforcement/test_policy_engine.py::TestPolicyEngine::test_mandatory_policies_sorted_first PASSED [ 60%]
tests/test_enforcement/test_policy_engine.py::TestPolicyEngine::test_scope_filtering PASSED [ 60%]
tests/test_enforcement/test_policy_engine.py::TestPolicyEngine::test_evaluate_returns_decisions PASSED [ 61%]
tests/test_enforcement/test_policy_engine.py::TestPolicyEngine::test_evaluate_mandatory_always_applied PASSED [ 61%]
tests/test_enforcement/test_policy_engine.py::TestPolicyEngine::test_policy_manifest_contains_all_policies PASSED [ 61%]
tests/test_enforcement/test_policy_engine.py::TestPolicyEngine::test_policy_manifest_includes_fingerprints PASSED [ 62%]
tests/test_enforcement/test_policy_engine.py::TestLoadPolicies::test_load_policies_returns_non_empty PASSED [ 62%]
tests/test_enforcement/test_policy_engine.py::TestLoadPolicies::test_all_policies_have_aiuc1_controls PASSED [ 62%]
tests/test_enforcement/test_policy_engine.py::TestLoadPolicies::test_mandatory_output_sanitisation_exists PASSED [ 62%]
tests/test_enforcement/test_policy_engine.py::TestLoadPolicies::test_scope_boundary_enforcement_exists PASSED [ 63%]
tests/test_enforcement/test_policy_engine.py::TestLoadPolicies::test_ai_disclosure_injection_exists PASSED [ 63%]
tests/test_enforcement/test_policy_engine.py::TestLoadPolicies::test_terraform_apply_requires_approval PASSED [ 63%]
tests/test_enforcement/test_policy_engine.py::TestLoadPolicies::test_rate_limiting_policy_exists PASSED [ 64%]
tests/test_enforcement/test_policy_engine.py::TestLoadPolicies::test_all_policy_ids_unique PASSED [ 64%]
tests/test_enforcement/test_scope_enforcer.py::TestReadScope::test_allowed_read_rg_foundry PASSED [ 64%]
tests/test_enforcement/test_scope_enforcer.py::TestReadScope::test_allowed_read_rg_production PASSED [ 65%]
tests/test_enforcement/test_scope_enforcer.py::TestReadScope::test_allowed_read_rg_development PASSED [ 65%]
tests/test_enforcement/test_scope_enforcer.py::TestReadScope::test_blocked_read_unknown_rg PASSED [ 65%]
tests/test_enforcement/test_scope_enforcer.py::TestReadScope::test_blocked_read_empty_rg_passes PASSED [ 65%]
tests/test_enforcement/test_scope_enforcer.py::TestReadScope::test_gap_analyzer_reads_production PASSED [ 66%]
tests/test_enforcement/test_scope_enforcer.py::TestReadScope::test_scan_cc_reads_development PASSED [ 66%]
tests/test_enforcement/test_scope_enforcer.py::TestWriteScope::test_terraform_plan_allowed_in_foundry PASSED [ 66%]
tests/test_enforcement/test_scope_enforcer.py::TestWriteScope::test_terraform_plan_blocked_in_production PASSED [ 67%]
tests/test_enforcement/test_scope_enforcer.py::TestWriteScope::test_terraform_apply_blocked_in_development PASSED [ 67%]
tests/test_enforcement/test_scope_enforcer.py::TestWriteScope::test_git_commit_allowed_in_foundry PASSED [ 67%]
tests/test_enforcement/test_scope_enforcer.py::TestWriteScope::test_git_commit_blocked_in_production PASSED [ 67%]
tests/test_enforcement/test_scope_enforcer.py::TestContentExemption::test_terraform_content_with_external_rg_reference PASSED [ 68%]
tests/test_enforcement/test_scope_enforcer.py::TestContentExemption::test_poam_with_external_rg_reference PASSED [ 68%]
tests/test_enforcement/test_scope_enforcer.py::TestContentExemption::test_git_commit_with_policy_content PASSED [ 68%]
tests/test_enforcement/test_scope_enforcer.py::TestContentExemption::test_non_exempt_function_blocks_arm_id PASSED [ 69%]
tests/test_enforcement/test_scope_enforcer.py::TestARMResourceIDs::test_arm_id_allowed_rg PASSED [ 69%]
tests/test_enforcement/test_scope_enforcer.py::TestARMResourceIDs::test_arm_id_allowed_production_for_read PASSED [ 69%]
tests/test_enforcement/test_scope_enforcer.py::TestARMResourceIDs::test_arm_id_blocked_unknown_rg PASSED [ 69%]
tests/test_enforcement/test_scope_enforcer.py::TestNestedPayloads::test_nested_rg_field PASSED [ 70%]
tests/test_enforcement/test_scope_enforcer.py::TestNestedPayloads::test_nested_allowed_rg PASSED [ 70%]
tests/test_enforcement/test_scope_enforcer.py::TestNestedPayloads::test_list_of_rgs PASSED [ 70%]
tests/test_enforcement/test_scope_enforcer.py::TestNestedPayloads::test_empty_payload PASSED [ 71%]
tests/test_enforcement/test_scope_enforcer.py::TestNestedPayloads::test_payload_without_rg_fields PASSED [ 71%]
tests/test_enforcement/test_scope_enforcer.py::TestNestedPayloads::test_whitespace_rg PASSED [ 71%]
tests/test_enforcement/test_scope_enforcer.py::TestCustomScope::test_strict_enforcer_blocks_default_rgs PASSED [ 72%]
tests/test_enforcement/test_scope_enforcer.py::TestCustomScope::test_strict_enforcer_allows_custom_read PASSED [ 72%]
tests/test_enforcement/test_scope_enforcer.py::TestCustomScope::test_strict_enforcer_write_scope PASSED [ 72%]
tests/test_enforcement/test_scope_enforcer.py::TestCustomScope::test_strict_enforcer_read_rg_blocked_for_write PASSED [ 72%]
tests/test_enforcement/test_scope_enforcer.py::TestProperties::test_allowed_resource_groups_returns_read_scope PASSED [ 73%]
tests/test_enforcement/test_scope_enforcer.py::TestProperties::test_write_scope_property PASSED [ 73%]
tests/test_enforcement/test_scope_enforcer.py::TestScopeViolation::test_violation_to_dict PASSED [ 73%]
tests/test_enforcement/test_tool_restrictions.py::TestRiskClassification::test_data_providers_are_low_risk PASSED [ 74%]
tests/test_enforcement/test_tool_restrictions.py::TestRiskClassification::test_action_functions_are_medium_or_higher PASSED [ 74%]
tests/test_enforcement/test_tool_restrictions.py::TestRiskClassification::test_terraform_plan_is_high_risk PASSED [ 74%]
tests/test_enforcement/test_tool_restrictions.py::TestRiskClassification::test_terraform_apply_is_critical_risk PASSED [ 74%]
tests/test_enforcement/test_tool_restrictions.py::TestRiskClassification::test_unknown_function_defaults_to_medium PASSED [ 75%]
tests/test_enforcement/test_tool_restrictions.py::TestRiskClassification::test_risk_map_contains_all_functions PASSED [ 75%]
tests/test_enforcement/test_tool_restrictions.py::TestInjectionDetection::test_clean_payload_passes PASSED [ 75%]
tests/test_enforcement/test_tool_restrictions.py::TestInjectionDetection::test_xss_script_tag_blocked PASSED [ 76%]
tests/test_enforcement/test_tool_restrictions.py::TestInjectionDetection::test_javascript_uri_blocked PASSED [ 76%]
tests/test_enforcement/test_tool_restrictions.py::TestInjectionDetection::test_shell_injection_blocked PASSED [ 76%]
tests/test_enforcement/test_tool_restrictions.py::TestInjectionDetection::test_sql_injection_blocked PASSED [ 76%]
tests/test_enforcement/test_tool_restrictions.py::TestInjectionDetection::test_python_eval_blocked PASSED [ 77%]
tests/test_enforcement/test_tool_restrictions.py::TestInjectionDetection::test_python_import_blocked PASSED [ 77%]
tests/test_enforcement/test_tool_restrictions.py::TestInjectionDetection::test_template_injection_blocked PASSED [ 77%]
tests/test_enforcement/test_tool_restrictions.py::TestInjectionDetection::test_nested_injection_detected PASSED [ 78%]
tests/test_enforcement/test_tool_restrictions.py::TestInjectionDetection::test_injection_violation_has_severity PASSED [ 78%]
tests/test_enforcement/test_tool_restrictions.py::TestInjectionDetection::test_terraform_content_exempt_from_injection_scan PASSED [ 78%]
tests/test_enforcement/test_tool_restrictions.py::TestInjectionDetection::test_non_exempt_function_still_catches_template_injection PASSED [ 79%]
tests/test_enforcement/test_tool_restrictions.py::TestInjectionDetection::test_git_commit_file_content_exempt PASSED [ 79%]
tests/test_enforcement/test_tool_restrictions.py::TestInjectionDetection::test_poam_non_exempt_field_still_scanned PASSED [ 79%]
tests/test_enforcement/test_tool_restrictions.py::TestRateLimiting::test_cooldown_enforcement PASSED [ 79%]
tests/test_enforcement/test_tool_restrictions.py::TestRateLimiting::test_per_minute_limit PASSED [ 80%]
tests/test_enforcement/test_tool_restrictions.py::TestRateLimiting::test_different_functions_have_separate_limits PASSED [ 80%]
tests/test_enforcement/test_tool_restrictions.py::TestApprovalTokenValidation::test_missing_approval_token_blocked PASSED [ 80%]
tests/test_enforcement/test_tool_restrictions.py::TestApprovalTokenValidation::test_missing_plan_hash_blocked PASSED [ 81%]
tests/test_enforcement/test_tool_restrictions.py::TestApprovalTokenValidation::test_invalid_token_blocked PASSED [ 81%]
tests/test_enforcement/test_tool_restrictions.py::TestApprovalTokenValidation::test_valid_token_passes PASSED [ 81%]
tests/test_enforcement/test_tool_restrictions.py::TestApprovalTokenValidation::test_non_critical_functions_skip_approval PASSED [ 81%]
tests/test_hallucination_prevention.py::TestD001Grounding::test_success_envelope_requires_data_field PASSED [ 82%]
tests/test_hallucination_prevention.py::TestD001Grounding::test_error_envelope_reports_failure_honestly PASSED [ 82%]
tests/test_hallucination_prevention.py::TestD001Grounding::test_empty_data_not_disguised_as_findings PASSED [ 82%]
tests/test_hallucination_prevention.py::TestD001Grounding::test_function_name_preserved_in_envelope PASSED [ 83%]
tests/test_hallucination_prevention.py::TestD001Grounding::test_timestamp_provides_temporal_grounding PASSED [ 83%]
tests/test_hallucination_prevention.py::TestD002Accuracy::test_sanitisation_preserves_data_integrity PASSED [ 83%]
tests/test_hallucination_prevention.py::TestD002Accuracy::test_redaction_does_not_create_false_data PASSED [ 83%]
tests/test_hallucination_prevention.py::TestD002Accuracy::test_enforcement_metadata_is_factual PASSED [ 84%]
tests/test_hallucination_prevention.py::TestD002Accuracy::test_disclosure_does_not_overstate_capabilities PASSED [ 84%]
tests/test_hallucination_prevention.py::TestStructuralGrounding::test_envelope_schema_prevents_freeform_responses PASSED [ 84%]
tests/test_hallucination_prevention.py::TestStructuralGrounding::test_error_envelope_forces_structured_errors PASSED [ 85%]
tests/test_hallucination_prevention.py::TestStructuralGrounding::test_aiuc1_controls_field_provides_traceability PASSED [ 85%]
tests/test_hallucination_prevention.py::TestSystemPromptGrounding::test_system_prompt_contains_grounding_directive PASSED [ 85%]
tests/test_hallucination_prevention.py::TestSystemPromptGrounding::test_system_prompt_forbids_hallucination PASSED [ 86%]
tests/test_hallucination_prevention.py::TestSystemPromptGrounding::test_system_prompt_requires_tool_evidence PASSED [ 86%]
tests/test_hallucination_prevention.py::TestSystemPromptGrounding::test_system_prompt_requires_human_review PASSED [ 86%]
tests/test_hallucination_prevention.py::TestSystemPromptGrounding::test_system_prompt_requires_disclosure PASSED [ 86%]
tests/test_integration.py::TestGapAnalyzer::test_valid_cc6_payload PASSED [ 87%]
tests/test_integration.py::TestGapAnalyzer::test_missing_cc_category PASSED [ 87%]
tests/test_integration.py::TestGapAnalyzer::test_invalid_cc_category PASSED [ 87%]
tests/test_integration.py::TestGapAnalyzer::test_response_is_sanitised PASSED [ 88%]
tests/test_integration.py::TestScanCcCriteria::test_valid_cc6_scan PASSED [ 88%]
tests/test_integration.py::TestScanCcCriteria::test_missing_fields PASSED [ 88%]
tests/test_integration.py::TestScanCcCriteria::test_all_nine_cc_categories PASSED [ 88%]
tests/test_integration.py::TestEvidenceValidator::test_valid_payload PASSED [ 89%]
tests/test_integration.py::TestEvidenceValidator::test_missing_evidence_type PASSED [ 89%]
tests/test_integration.py::TestEvidenceValidator::test_missing_target PASSED [ 89%]
tests/test_integration.py::TestQueryAccessControls::test_valid_query PASSED [ 90%]
tests/test_integration.py::TestQueryAccessControls::test_empty_payload_is_valid PASSED [ 90%]
tests/test_integration.py::TestQueryAccessControls::test_out_of_scope_resource_group PASSED [ 90%]
tests/test_integration.py::TestQueryDefenderScore::test_valid_query PASSED [ 90%]
tests/test_integration.py::TestQueryDefenderScore::test_score_is_numeric PASSED [ 91%]
tests/test_integration.py::TestQueryPolicyCompliance::test_valid_query PASSED [ 91%]
tests/test_integration.py::TestQueryPolicyCompliance::test_empty_payload_is_valid PASSED [ 91%]
tests/test_integration.py::TestQueryPolicyCompliance::test_compliance_summary_present PASSED [ 92%]
tests/test_integration.py::TestGeneratePoamEntry::test_valid_poam PASSED [ 92%]
tests/test_integration.py::TestGeneratePoamEntry::test_missing_required_fields PASSED [ 92%]
tests/test_integration.py::TestGeneratePoamEntry::test_poam_contains_milestones PASSED [ 93%]
tests/test_integration.py::TestRunTerraformPlan::test_valid_plan PASSED  [ 93%]
tests/test_integration.py::TestRunTerraformPlan::test_missing_working_dir PASSED [ 93%]
tests/test_integration.py::TestRunTerraformPlan::test_plan_with_changes PASSED [ 93%]
tests/test_integration.py::TestRunTerraformApply::test_missing_approval_token PASSED [ 94%]
tests/test_integration.py::TestRunTerraformApply::test_invalid_approval_token PASSED [ 94%]
tests/test_integration.py::TestRunTerraformApply::test_valid_approval_token PASSED [ 94%]
tests/test_integration.py::TestGitCommitPush::test_valid_commit PASSED   [ 95%]
tests/test_integration.py::TestGitCommitPush::test_missing_fields PASSED [ 95%]
tests/test_integration.py::TestGitCommitPush::test_invalid_commit_message_format PASSED [ 95%]
tests/test_integration.py::TestGitCommitPush::test_files_outside_allowed_directories PASSED [ 95%]
tests/test_integration.py::TestSanitizeOutput::test_redacts_subscription_id PASSED [ 96%]
tests/test_integration.py::TestSanitizeOutput::test_redacts_connection_string PASSED [ 96%]
tests/test_integration.py::TestSanitizeOutput::test_redacts_private_ip PASSED [ 96%]
tests/test_integration.py::TestSanitizeOutput::test_empty_text PASSED    [ 97%]
tests/test_integration.py::TestSanitizeOutput::test_missing_input PASSED [ 97%]
tests/test_integration.py::TestLogSecurityEvent::test_valid_event PASSED [ 97%]
tests/test_integration.py::TestLogSecurityEvent::test_prompt_injection_event PASSED [ 97%]
tests/test_integration.py::TestLogSecurityEvent::test_missing_required_fields PASSED [ 98%]
tests/test_integration.py::TestLogSecurityEvent::test_invalid_category PASSED [ 98%]
tests/test_integration.py::TestResponseEnvelopeStructure::test_success_envelope_has_required_fields PASSED [ 98%]
tests/test_integration.py::TestResponseEnvelopeStructure::test_error_envelope_has_required_fields PASSED [ 99%]
tests/test_integration.py::TestResponseEnvelopeStructure::test_timestamp_is_iso_format PASSED [ 99%]
tests/test_integration.py::TestResponseEnvelopeStructure::test_enforcement_metadata_present PASSED [ 99%]
tests/test_integration.py::TestResponseEnvelopeStructure::test_ai_disclosure_present PASSED [100%]

============================= 343 passed in 0.67s ==============================
